#
# There is insufficient memory for the Java Runtime Environment to continue.
# Native memory allocation (malloc) failed to allocate 131088 bytes for Chunk::new
# Possible reasons:
#   The system is out of physical RAM or swap space
#   The process is running with CompressedOops enabled, and the Java Heap may be blocking the growth of the native heap
# Possible solutions:
#   Reduce memory load on the system
#   Increase physical memory or swap space
#   Check if swap backing store is full
#   Decrease Java heap size (-Xmx/-Xms)
#   Decrease number of Java threads
#   Decrease Java thread stack sizes (-Xss)
#   Set larger code cache with -XX:ReservedCodeCacheSize=
#   JVM is running with Unscaled Compressed Oops mode in which the Java heap is
#     placed in the first 4GB address space. The Java Heap base address is the
#     maximum limit for the native heap growth. Please use -XX:HeapBaseMinAddress
#     to set the Java Heap base and to place the Java Heap above 4GB virtual address.
# This output file may be truncated or incomplete.
#
#  Out of Memory Error (allocation.cpp:389), pid=8160, tid=0x0000000000001b0c
#
# JRE version: OpenJDK Runtime Environment (8.0_202-b03) (build 1.8.0_202-release-1483-b03)
# Java VM: OpenJDK 64-Bit Server VM (25.202-b03 mixed mode windows-amd64 compressed oops)
# Failed to write core dump. Minidumps are not enabled by default on client versions of Windows
#

---------------  T H R E A D  ---------------

Current thread (0x00000000187e0000):  JavaThread "C2 CompilerThread0" daemon [_thread_in_native, id=6924, stack(0x00000000190a0000,0x00000000191a0000)]

Stack: [0x00000000190a0000,0x00000000191a0000]
[error occurred during error reporting (printing stack bounds), id 0xc0000005]

Native frames: (J=compiled Java code, j=interpreted, Vv=VM code, C=native code)


Current CompileTask:
C2:  12090 5241 %     4       org.gradle.internal.instantiation.AbstractClassGenerator::inspectType @ 107 (559 bytes)


---------------  P R O C E S S  ---------------

Java Threads: ( => current thread )
  0x0000000019cdd000 JavaThread "Cache worker for execution history cache (D:\techjam\ezsponsor\.gradle\5.4.1\executionHistory)" [_thread_blocked, id=20476, stack(0x0000000026800000,0x0000000026900000)]
  0x0000000019cde000 JavaThread "Execution worker for ':' Thread 7" [_thread_blocked, id=21804, stack(0x0000000026700000,0x0000000026800000)]
  0x0000000019cdf800 JavaThread "Execution worker for ':' Thread 6" [_thread_blocked, id=18064, stack(0x0000000026600000,0x0000000026700000)]
  0x0000000019ce1000 JavaThread "Execution worker for ':' Thread 5" [_thread_blocked, id=3640, stack(0x0000000026500000,0x0000000026600000)]
  0x0000000019ce0000 JavaThread "Execution worker for ':' Thread 4" [_thread_blocked, id=9740, stack(0x0000000026400000,0x0000000026500000)]
  0x0000000019cde800 JavaThread "Execution worker for ':' Thread 3" [_thread_blocked, id=19536, stack(0x0000000026300000,0x0000000026400000)]
  0x000000001adca000 JavaThread "Execution worker for ':' Thread 2" [_thread_blocked, id=6892, stack(0x0000000026200000,0x0000000026300000)]
  0x000000001adc9000 JavaThread "Execution worker for ':'" [_thread_blocked, id=14380, stack(0x0000000026100000,0x0000000026200000)]
  0x000000001adc8800 JavaThread "Cache worker for file content cache (D:\techjam\ezsponsor\.gradle\5.4.1\fileContent)" [_thread_blocked, id=22740, stack(0x00000000256d0000,0x00000000257d0000)]
  0x000000001adc5800 JavaThread "Cache worker for file content cache (C:\Users\Jamar\.gradle\caches\5.4.1\fileContent)" [_thread_blocked, id=15072, stack(0x00000000255d0000,0x00000000256d0000)]
  0x000000001adc4800 JavaThread "Memory manager" [_thread_blocked, id=18788, stack(0x0000000024ea0000,0x0000000024fa0000)]
  0x000000001adcb800 JavaThread "Cache worker for Build Output Cleanup Cache (D:\techjam\ezsponsor\.gradle\buildOutputCleanup)" [_thread_blocked, id=19324, stack(0x0000000024ba0000,0x0000000024ca0000)]
  0x000000001adbd000 JavaThread "File lock release action executor" [_thread_blocked, id=7972, stack(0x00000000244a0000,0x00000000245a0000)]
  0x000000001adc0800 JavaThread "Build operations Thread 8" [_thread_blocked, id=19776, stack(0x00000000230f0000,0x00000000231f0000)]
  0x000000001adbc000 JavaThread "Build operations Thread 7" [_thread_blocked, id=6508, stack(0x0000000022ff0000,0x00000000230f0000)]
  0x000000001adc3000 JavaThread "Build operations Thread 6" [_thread_blocked, id=22160, stack(0x0000000022ef0000,0x0000000022ff0000)]
  0x000000001adc2000 JavaThread "Build operations Thread 5" [_thread_blocked, id=1140, stack(0x0000000022df0000,0x0000000022ef0000)]
  0x000000001adbf000 JavaThread "Build operations Thread 4" [_thread_blocked, id=19332, stack(0x0000000022cf0000,0x0000000022df0000)]
  0x000000001adc0000 JavaThread "Build operations Thread 3" [_thread_blocked, id=2972, stack(0x0000000022bf0000,0x0000000022cf0000)]
  0x000000001adbe800 JavaThread "Build operations Thread 2" [_thread_blocked, id=1816, stack(0x0000000022af0000,0x0000000022bf0000)]
  0x000000001adc1800 JavaThread "Build operations" [_thread_blocked, id=6640, stack(0x00000000229f0000,0x0000000022af0000)]
  0x000000001adbd800 JavaThread "Cache worker for execution history cache (C:\Users\Jamar\.gradle\caches\5.4.1\executionHistory)" [_thread_blocked, id=2944, stack(0x0000000021920000,0x0000000021a20000)]
  0x0000000019922000 JavaThread "Cache worker for cache directory md-rule (C:\Users\Jamar\.gradle\caches\5.4.1\md-rule)" [_thread_blocked, id=5504, stack(0x0000000021820000,0x0000000021920000)]
  0x0000000019928000 JavaThread "Cache worker for cache directory md-supplier (C:\Users\Jamar\.gradle\caches\5.4.1\md-supplier)" [_thread_blocked, id=17372, stack(0x0000000021600000,0x0000000021700000)]
  0x0000000019926800 JavaThread "Cache worker for file hash cache (D:\techjam\ezsponsor\.gradle\5.4.1\fileHashes)" [_thread_blocked, id=864, stack(0x000000001f900000,0x000000001fa00000)]
  0x0000000019925000 JavaThread "Cache worker for journal cache (C:\Users\Jamar\.gradle\caches\journal-1)" [_thread_blocked, id=19508, stack(0x000000001c3f0000,0x000000001c4f0000)]
  0x0000000019924000 JavaThread "File lock request listener" [_thread_in_native, id=23632, stack(0x000000001c2f0000,0x000000001c3f0000)]
  0x0000000019766800 JavaThread "Cache worker for file hash cache (C:\Users\Jamar\.gradle\caches\5.4.1\fileHashes)" [_thread_blocked, id=22100, stack(0x000000001c1f0000,0x000000001c2f0000)]
  0x000000001aa8d800 JavaThread "Thread-9" [_thread_blocked, id=20592, stack(0x000000001c0f0000,0x000000001c1f0000)]
  0x000000001aa87000 JavaThread "Stdin handler" [_thread_blocked, id=22324, stack(0x000000001bff0000,0x000000001c0f0000)]
  0x000000001ab13800 JavaThread "Asynchronous log dispatcher for DefaultDaemonConnection: socket connection from /127.0.0.1:58711 to /127.0.0.1:58717" [_thread_blocked, id=16732, stack(0x000000001bef0000,0x000000001bff0000)]
  0x000000001aa85800 JavaThread "Daemon worker" [_thread_in_native, id=14836, stack(0x000000001bcf0000,0x000000001bdf0000)]
  0x000000001aa84800 JavaThread "Cancel handler" [_thread_blocked, id=22812, stack(0x000000001bbf0000,0x000000001bcf0000)]
  0x000000001a662800 JavaThread "Handler for socket connection from /127.0.0.1:58711 to /127.0.0.1:58717" [_thread_in_native, id=11892, stack(0x000000001b8f0000,0x000000001b9f0000)]
  0x000000001a65e000 JavaThread "Daemon" [_thread_blocked, id=4132, stack(0x000000001b7f0000,0x000000001b8f0000)]
  0x000000001a61b800 JavaThread "Daemon periodic checks" [_thread_blocked, id=16588, stack(0x000000001b6f0000,0x000000001b7f0000)]
  0x000000001a61f800 JavaThread "Incoming local TCP Connector on port 58711" [_thread_in_native, id=16080, stack(0x000000001b4b0000,0x000000001b5b0000)]
  0x000000001a8ee800 JavaThread "Daemon health stats" [_thread_blocked, id=18228, stack(0x000000001ae70000,0x000000001af70000)]
  0x0000000018869000 JavaThread "Service Thread" daemon [_thread_blocked, id=14024, stack(0x00000000194a0000,0x00000000195a0000)]
  0x00000000187ee000 JavaThread "C1 CompilerThread3" daemon [_thread_blocked, id=23820, stack(0x00000000193a0000,0x00000000194a0000)]
  0x00000000187ea000 JavaThread "C2 CompilerThread2" daemon [_thread_blocked, id=18896, stack(0x00000000192a0000,0x00000000193a0000)]
  0x00000000187e2800 JavaThread "C2 CompilerThread1" daemon [_thread_blocked, id=19940, stack(0x00000000191a0000,0x00000000192a0000)]
=>0x00000000187e0000 JavaThread "C2 CompilerThread0" daemon [_thread_in_native, id=6924, stack(0x00000000190a0000,0x00000000191a0000)]
  0x00000000187d8000 JavaThread "Attach Listener" daemon [_thread_blocked, id=20340, stack(0x0000000018fa0000,0x00000000190a0000)]
  0x00000000187d7000 JavaThread "Signal Dispatcher" daemon [_thread_blocked, id=8380, stack(0x0000000018ea0000,0x0000000018fa0000)]
  0x0000000002c29000 JavaThread "Finalizer" daemon [_thread_blocked, id=18996, stack(0x0000000018cb0000,0x0000000018db0000)]
  0x0000000002c26000 JavaThread "Reference Handler" daemon [_thread_blocked, id=4508, stack(0x0000000018bb0000,0x0000000018cb0000)]
  0x0000000002b32800 JavaThread "main" [_thread_blocked, id=11352, stack(0x00000000029d0000,0x0000000002ad0000)]

Other Threads:
  0x00000000169e8800 VMThread [stack: 0x00000000186b0000,0x00000000187b0000] [id=11960]
  0x000000001886a000 WatcherThread [stack: 0x00000000195a0000,0x00000000196a0000] [id=3832]

VM state:not at safepoint (normal execution)

VM Mutex/Monitor currently owned by a thread: None

heap address: 0x00000000a0000000, size: 1536 MB, Compressed Oops mode: 32-bit
Narrow klass base: 0x0000000000000000, Narrow klass shift: 3
Compressed class space size: 1073741824 Address: 0x0000000100000000

Heap:
 PSYoungGen      total 187392K, used 16008K [0x00000000e0000000, 0x00000000f1500000, 0x0000000100000000)
  eden space 168448K, 9% used [0x00000000e0000000,0x00000000e0fa2050,0x00000000ea480000)
  from space 18944K, 0% used [0x00000000ea480000,0x00000000ea480000,0x00000000eb700000)
  to   space 19456K, 0% used [0x00000000f0200000,0x00000000f0200000,0x00000000f1500000)
 ParOldGen       total 113664K, used 27864K [0x00000000a0000000, 0x00000000a6f00000, 0x00000000e0000000)
  object space 113664K, 24% used [0x00000000a0000000,0x00000000a1b361f8,0x00000000a6f00000)
 Metaspace       used 58484K, capacity 60240K, committed 60376K, reserved 1101824K
  class space    used 8017K, capacity 8447K, committed 8448K, reserved 1048576K

Card table byte_map: [0x0000000011ff0000,0x0000000012300000] byte_map_base: 0x0000000011af0000

Marking Bits: (ParMarkBitMap*) 0x0000000073d19f30
 Begin Bits: [0x0000000012d00000, 0x0000000014500000)
 End Bits:   [0x0000000014500000, 0x0000000015d00000)

Polling page: 0x0000000000ba0000

CodeCache: size=245760Kb used=15916Kb max_used=16389Kb free=229843Kb
 bounds [0x0000000002c30000, 0x0000000003c40000, 0x0000000011c30000]
 total_blobs=5601 nmethods=4811 adapters=703
 compilation: enabled

Compilation events (10 events):
Event: 12.012 Thread 0x00000000187ee000 5349       3       jdk.internal.org.objectweb.asm.FieldWriter::<init> (97 bytes)
Event: 12.012 Thread 0x00000000187ee000 nmethod 5349 0x0000000002deee50 code [0x0000000002def000, 0x0000000002def4e8]
Event: 12.029 Thread 0x00000000187ea000 5350       4       jdk.internal.org.objectweb.asm.Type::getArgumentsAndReturnSizes (151 bytes)
Event: 12.035 Thread 0x00000000187ea000 nmethod 5350 0x000000000342cd90 code [0x000000000342cf00, 0x000000000342d358]
Event: 12.036 Thread 0x00000000187e2800 5351       4       java.io.Bits::putInt (36 bytes)
Event: 12.037 Thread 0x00000000187e2800 nmethod 5351 0x00000000036ae0d0 code [0x00000000036ae200, 0x00000000036ae2d8]
Event: 12.066 Thread 0x00000000187ee000 5352       3       java.security.MessageDigest$Delegate::<init> (11 bytes)
Event: 12.067 Thread 0x00000000187ee000 nmethod 5352 0x0000000003051c10 code [0x0000000003051d80, 0x0000000003052030]
Event: 12.067 Thread 0x00000000187ee000 5353       3       java.security.MessageDigest::<init> (15 bytes)
Event: 12.067 Thread 0x00000000187ee000 nmethod 5353 0x00000000030f8f10 code [0x00000000030f9080, 0x00000000030f92b0]

GC Heap History (10 events):
Event: 7.595 GC heap before
{Heap before GC invocations=10 (full 2):
 PSYoungGen      total 136704K, used 8002K [0x00000000e0000000, 0x00000000e9a80000, 0x0000000100000000)
  eden space 123904K, 0% used [0x00000000e0000000,0x00000000e0000000,0x00000000e7900000)
  from space 12800K, 62% used [0x00000000e8500000,0x00000000e8cd0b18,0x00000000e9180000)
  to   space 12288K, 0% used [0x00000000e7900000,0x00000000e7900000,0x00000000e8500000)
 ParOldGen       total 87040K, used 9897K [0x00000000a0000000, 0x00000000a5500000, 0x00000000e0000000)
  object space 87040K, 11% used [0x00000000a0000000,0x00000000a09aa5e8,0x00000000a5500000)
 Metaspace       used 34676K, capacity 35412K, committed 35456K, reserved 1079296K
  class space    used 4782K, capacity 4991K, committed 4992K, reserved 1048576K
Event: 7.684 GC heap after
Heap after GC invocations=10 (full 2):
 PSYoungGen      total 136704K, used 0K [0x00000000e0000000, 0x00000000e9a80000, 0x0000000100000000)
  eden space 123904K, 0% used [0x00000000e0000000,0x00000000e0000000,0x00000000e7900000)
  from space 12800K, 0% used [0x00000000e8500000,0x00000000e8500000,0x00000000e9180000)
  to   space 12288K, 0% used [0x00000000e7900000,0x00000000e7900000,0x00000000e8500000)
 ParOldGen       total 113664K, used 14968K [0x00000000a0000000, 0x00000000a6f00000, 0x00000000e0000000)
  object space 113664K, 13% used [0x00000000a0000000,0x00000000a0e9e200,0x00000000a6f00000)
 Metaspace       used 34674K, capacity 35406K, committed 35456K, reserved 1079296K
  class space    used 4782K, capacity 4990K, committed 4992K, reserved 1048576K
}
Event: 9.663 GC heap before
{Heap before GC invocations=11 (full 2):
 PSYoungGen      total 136704K, used 123904K [0x00000000e0000000, 0x00000000e9a80000, 0x0000000100000000)
  eden space 123904K, 100% used [0x00000000e0000000,0x00000000e7900000,0x00000000e7900000)
  from space 12800K, 0% used [0x00000000e8500000,0x00000000e8500000,0x00000000e9180000)
  to   space 12288K, 0% used [0x00000000e7900000,0x00000000e7900000,0x00000000e8500000)
 ParOldGen       total 113664K, used 14968K [0x00000000a0000000, 0x00000000a6f00000, 0x00000000e0000000)
  object space 113664K, 13% used [0x00000000a0000000,0x00000000a0e9e200,0x00000000a6f00000)
 Metaspace       used 45746K, capacity 46774K, committed 46976K, reserved 1089536K
  class space    used 6180K, capacity 6486K, committed 6528K, reserved 1048576K
Event: 9.676 GC heap after
Heap after GC invocations=11 (full 2):
 PSYoungGen      total 136192K, used 12266K [0x00000000e0000000, 0x00000000ec580000, 0x0000000100000000)
  eden space 123904K, 0% used [0x00000000e0000000,0x00000000e0000000,0x00000000e7900000)
  from space 12288K, 99% used [0x00000000e7900000,0x00000000e84faab8,0x00000000e8500000)
  to   space 14848K, 0% used [0x00000000eb700000,0x00000000eb700000,0x00000000ec580000)
 ParOldGen       total 113664K, used 18636K [0x00000000a0000000, 0x00000000a6f00000, 0x00000000e0000000)
  object space 113664K, 16% used [0x00000000a0000000,0x00000000a1233310,0x00000000a6f00000)
 Metaspace       used 45746K, capacity 46774K, committed 46976K, reserved 1089536K
  class space    used 6180K, capacity 6486K, committed 6528K, reserved 1048576K
}
Event: 11.389 GC heap before
{Heap before GC invocations=12 (full 2):
 PSYoungGen      total 136192K, used 136170K [0x00000000e0000000, 0x00000000ec580000, 0x0000000100000000)
  eden space 123904K, 100% used [0x00000000e0000000,0x00000000e7900000,0x00000000e7900000)
  from space 12288K, 99% used [0x00000000e7900000,0x00000000e84faab8,0x00000000e8500000)
  to   space 14848K, 0% used [0x00000000eb700000,0x00000000eb700000,0x00000000ec580000)
 ParOldGen       total 113664K, used 18636K [0x00000000a0000000, 0x00000000a6f00000, 0x00000000e0000000)
  object space 113664K, 16% used [0x00000000a0000000,0x00000000a1233310,0x00000000a6f00000)
 Metaspace       used 56898K, capacity 58498K, committed 58624K, reserved 1099776K
  class space    used 7747K, capacity 8152K, committed 8192K, reserved 1048576K
Event: 11.406 GC heap after
Heap after GC invocations=12 (full 2):
 PSYoungGen      total 183296K, used 14842K [0x00000000e0000000, 0x00000000eca80000, 0x0000000100000000)
  eden space 168448K, 0% used [0x00000000e0000000,0x00000000e0000000,0x00000000ea480000)
  from space 14848K, 99% used [0x00000000eb700000,0x00000000ec57e908,0x00000000ec580000)
  to   space 18944K, 0% used [0x00000000ea480000,0x00000000ea480000,0x00000000eb700000)
 ParOldGen       total 113664K, used 25434K [0x00000000a0000000, 0x00000000a6f00000, 0x00000000e0000000)
  object space 113664K, 22% used [0x00000000a0000000,0x00000000a18d6a00,0x00000000a6f00000)
 Metaspace       used 56898K, capacity 58498K, committed 58624K, reserved 1099776K
  class space    used 7747K, capacity 8152K, committed 8192K, reserved 1048576K
}
Event: 11.497 GC heap before
{Heap before GC invocations=13 (full 2):
 PSYoungGen      total 183296K, used 21447K [0x00000000e0000000, 0x00000000eca80000, 0x0000000100000000)
  eden space 168448K, 3% used [0x00000000e0000000,0x00000000e0673570,0x00000000ea480000)
  from space 14848K, 99% used [0x00000000eb700000,0x00000000ec57e908,0x00000000ec580000)
  to   space 18944K, 0% used [0x00000000ea480000,0x00000000ea480000,0x00000000eb700000)
 ParOldGen       total 113664K, used 25434K [0x00000000a0000000, 0x00000000a6f00000, 0x00000000e0000000)
  object space 113664K, 22% used [0x00000000a0000000,0x00000000a18d6a00,0x00000000a6f00000)
 Metaspace       used 57311K, capacity 58878K, committed 59096K, reserved 1099776K
  class space    used 7810K, capacity 8188K, committed 8192K, reserved 1048576K
Event: 11.511 GC heap after
Heap after GC invocations=13 (full 2):
 PSYoungGen      total 187392K, used 13960K [0x00000000e0000000, 0x00000000f1500000, 0x0000000100000000)
  eden space 168448K, 0% used [0x00000000e0000000,0x00000000e0000000,0x00000000ea480000)
  from space 18944K, 73% used [0x00000000ea480000,0x00000000eb222118,0x00000000eb700000)
  to   space 19456K, 0% used [0x00000000f0200000,0x00000000f0200000,0x00000000f1500000)
 ParOldGen       total 113664K, used 25442K [0x00000000a0000000, 0x00000000a6f00000, 0x00000000e0000000)
  object space 113664K, 22% used [0x00000000a0000000,0x00000000a18d8a00,0x00000000a6f00000)
 Metaspace       used 57311K, capacity 58878K, committed 59096K, reserved 1099776K
  class space    used 7810K, capacity 8188K, committed 8192K, reserved 1048576K
}
Event: 11.511 GC heap before
{Heap before GC invocations=14 (full 3):
 PSYoungGen      total 187392K, used 13960K [0x00000000e0000000, 0x00000000f1500000, 0x0000000100000000)
  eden space 168448K, 0% used [0x00000000e0000000,0x00000000e0000000,0x00000000ea480000)
  from space 18944K, 73% used [0x00000000ea480000,0x00000000eb222118,0x00000000eb700000)
  to   space 19456K, 0% used [0x00000000f0200000,0x00000000f0200000,0x00000000f1500000)
 ParOldGen       total 113664K, used 25442K [0x00000000a0000000, 0x00000000a6f00000, 0x00000000e0000000)
  object space 113664K, 22% used [0x00000000a0000000,0x00000000a18d8a00,0x00000000a6f00000)
 Metaspace       used 57311K, capacity 58878K, committed 59096K, reserved 1099776K
  class space    used 7810K, capacity 8188K, committed 8192K, reserved 1048576K
Event: 11.767 GC heap after
Heap after GC invocations=14 (full 3):
 PSYoungGen      total 187392K, used 0K [0x00000000e0000000, 0x00000000f1500000, 0x0000000100000000)
  eden space 168448K, 0% used [0x00000000e0000000,0x00000000e0000000,0x00000000ea480000)
  from space 18944K, 0% used [0x00000000ea480000,0x00000000ea480000,0x00000000eb700000)
  to   space 19456K, 0% used [0x00000000f0200000,0x00000000f0200000,0x00000000f1500000)
 ParOldGen       total 113664K, used 27864K [0x00000000a0000000, 0x00000000a6f00000, 0x00000000e0000000)
  object space 113664K, 24% used [0x00000000a0000000,0x00000000a1b361f8,0x00000000a6f00000)
 Metaspace       used 57311K, capacity 58878K, committed 59096K, reserved 1099776K
  class space    used 7810K, capacity 8188K, committed 8192K, reserved 1048576K
}

Deoptimization events (10 events):
Event: 10.647 Thread 0x000000001aa85800 Uncommon trap: reason=unstable_if action=reinterpret pc=0x0000000003678518 method=java.io.WinNTFileSystem.normalize(Ljava/lang/String;)Ljava/lang/String; @ 74
Event: 11.151 Thread 0x000000001aa85800 Uncommon trap: reason=unstable_if action=reinterpret pc=0x00000000032abe30 method=sun.misc.MetaIndex.mayContain(Ljava/lang/String;)Z @ 38
Event: 11.218 Thread 0x000000001aa85800 Uncommon trap: reason=unstable_if action=reinterpret pc=0x00000000031f7c68 method=java.util.regex.Pattern$BmpCharProperty.match(Ljava/util/regex/Matcher;ILjava/lang/CharSequence;)Z @ 34
Event: 11.221 Thread 0x000000001aa85800 Uncommon trap: reason=unstable_if action=reinterpret pc=0x0000000003ae6a70 method=com.sun.org.apache.xerces.internal.impl.XMLEntityScanner.scanLiteral(ILcom/sun/org/apache/xerces/internal/xni/XMLString;Z)I @ 660
Event: 11.228 Thread 0x000000001aa85800 Uncommon trap: reason=unstable_if action=reinterpret pc=0x0000000003aef040 method=com.sun.org.apache.xerces.internal.util.SymbolTable.addSymbol([CII)Ljava/lang/String; @ 38
Event: 11.896 Thread 0x000000001adcb800 Uncommon trap: reason=bimorphic action=maybe_recompile pc=0x00000000031ad5c0 method=java.io.DataOutputStream.writeShort(I)V @ 12
Event: 11.991 Thread 0x000000001aa85800 Uncommon trap: reason=bimorphic action=maybe_recompile pc=0x0000000003860190 method=java.util.Arrays.binarySearch0([Ljava/lang/Object;IILjava/lang/Object;Ljava/util/Comparator;)I @ 48
Event: 11.991 Thread 0x000000001aa85800 Uncommon trap: reason=bimorphic action=maybe_recompile pc=0x0000000003860190 method=java.util.Arrays.binarySearch0([Ljava/lang/Object;IILjava/lang/Object;Ljava/util/Comparator;)I @ 48
Event: 11.991 Thread 0x000000001aa85800 Uncommon trap: reason=bimorphic action=maybe_recompile pc=0x0000000003860190 method=java.util.Arrays.binarySearch0([Ljava/lang/Object;IILjava/lang/Object;Ljava/util/Comparator;)I @ 48
Event: 11.991 Thread 0x000000001aa85800 Uncommon trap: reason=bimorphic action=maybe_recompile pc=0x0000000003860190 method=java.util.Arrays.binarySearch0([Ljava/lang/Object;IILjava/lang/Object;Ljava/util/Comparator;)I @ 48

Classes redefined (0 events):
No events

Internal exceptions (10 events):
Event: 10.778 Thread 0x000000001aa85800 Exception <a 'java/lang/NoSuchMethodError': java.lang.Object.lambda$static$4(Ljava/util/Set;Ljava/util/Set;)Z> (0x00000000e4856518) thrown at [D:\src\AOSP-openjdk-cygwin\jdk8u\hotspot\src\share\vm\interpreter\linkResolver.cpp, line 620]
Event: 10.936 Thread 0x000000001aa85800 Exception <a 'java/lang/ClassNotFoundException': com/sun/org/glassfish/hk2/osgiresourcelocator/ServiceLoader> (0x00000000e505cf40) thrown at [D:\src\AOSP-openjdk-cygwin\jdk8u\hotspot\src\share\vm\classfile\systemDictionary.cpp, line 210]
Event: 10.973 Thread 0x000000001aa85800 Exception <a 'java/lang/NullPointerException'> (0x00000000e5528e88) thrown at [D:\src\AOSP-openjdk-cygwin\jdk8u\hotspot\src\share\vm\interpreter\linkResolver.cpp, line 1287]
Event: 11.844 Thread 0x000000001aa8d800 Exception <a 'java/lang/NoSuchMethodError': <clinit>> (0x00000000e032b9b0) thrown at [D:\src\AOSP-openjdk-cygwin\jdk8u\hotspot\src\share\vm\prims\jni.cpp, line 1614]
Event: 11.845 Thread 0x000000001aa8d800 Exception <a 'java/lang/NoSuchMethodError': <clinit>> (0x00000000e07a80e8) thrown at [D:\src\AOSP-openjdk-cygwin\jdk8u\hotspot\src\share\vm\prims\jni.cpp, line 1614]
Event: 11.846 Thread 0x000000001aa8d800 Exception <a 'java/lang/NoSuchMethodError': <clinit>> (0x00000000e07b4638) thrown at [D:\src\AOSP-openjdk-cygwin\jdk8u\hotspot\src\share\vm\prims\jni.cpp, line 1614]
Event: 11.870 Thread 0x000000001aa8d800 Exception <a 'java/lang/NoSuchMethodError': <clinit>> (0x00000000e0ad6a98) thrown at [D:\src\AOSP-openjdk-cygwin\jdk8u\hotspot\src\share\vm\prims\jni.cpp, line 1614]
Event: 11.872 Thread 0x000000001aa8d800 Exception <a 'java/lang/NoSuchMethodError': <clinit>> (0x00000000e0ae80e8) thrown at [D:\src\AOSP-openjdk-cygwin\jdk8u\hotspot\src\share\vm\prims\jni.cpp, line 1614]
Event: 11.872 Thread 0x000000001aa8d800 Exception <a 'java/lang/NoSuchMethodError': <clinit>> (0x00000000e0ae9c00) thrown at [D:\src\AOSP-openjdk-cygwin\jdk8u\hotspot\src\share\vm\prims\jni.cpp, line 1614]
Event: 11.972 Thread 0x000000001aa8d800 Exception <a 'java/lang/NoSuchMethodError': <clinit>> (0x00000000e0af9d50) thrown at [D:\src\AOSP-openjdk-cygwin\jdk8u\hotspot\src\share\vm\prims\jni.cpp, line 1614]

Events (10 events):
Event: 12.070 loading class com/google/common/base/Function
Event: 12.070 loading class com/google/common/base/Function done
Event: 12.070 loading class com/google/common/collect/Maps$9
Event: 12.070 loading class com/google/common/collect/Maps$9 done
Event: 12.070 loading class com/google/common/collect/Maps$TransformedEntriesNavigableMap
Event: 12.070 loading class com/google/common/collect/Maps$TransformedEntriesNavigableMap done
Event: 12.071 loading class com/google/common/collect/Maps$TransformedEntriesSortedMap
Event: 12.071 loading class com/google/common/collect/Maps$TransformedEntriesSortedMap done
Event: 12.071 loading class com/google/common/collect/Maps$TransformedEntriesMap
Event: 12.071 loading class com/google/common/collect/Maps$TransformedEntriesMap done


Dynamic libraries:
0x00007ff7da330000 - 0x00007ff7da361000 	D:\Android Studio\jre\bin\java.exe
0x00007ffbd06e0000 - 0x00007ffbd08c1000 	C:\WINDOWS\SYSTEM32\ntdll.dll
0x00007ffbceb00000 - 0x00007ffbcebb1000 	C:\WINDOWS\System32\KERNEL32.DLL
0x00007ffbcd660000 - 0x00007ffbcd8d3000 	C:\WINDOWS\System32\KERNELBASE.dll
0x00007ffbd0570000 - 0x00007ffbd0611000 	C:\WINDOWS\System32\ADVAPI32.dll
0x00007ffbcea50000 - 0x00007ffbceaee000 	C:\WINDOWS\System32\msvcrt.dll
0x00007ffbcdb70000 - 0x00007ffbcdbcb000 	C:\WINDOWS\System32\sechost.dll
0x00007ffbce6b0000 - 0x00007ffbce7d4000 	C:\WINDOWS\System32\RPCRT4.dll
0x00007ffbd01f0000 - 0x00007ffbd0380000 	C:\WINDOWS\System32\USER32.dll
0x00007ffbcdb50000 - 0x00007ffbcdb70000 	C:\WINDOWS\System32\win32u.dll
0x00007ffbcdd30000 - 0x00007ffbcdd58000 	C:\WINDOWS\System32\GDI32.dll
0x00007ffbcd960000 - 0x00007ffbcdaf1000 	C:\WINDOWS\System32\gdi32full.dll
0x00007ffbccb10000 - 0x00007ffbccbaf000 	C:\WINDOWS\System32\msvcp_win.dll
0x00007ffbcd560000 - 0x00007ffbcd658000 	C:\WINDOWS\System32\ucrtbase.dll
0x00007ffbc0780000 - 0x00007ffbc09e9000 	C:\WINDOWS\WinSxS\amd64_microsoft.windows.common-controls_6595b64144ccf1df_6.0.17134.829_none_fb46a5473061b9d5\COMCTL32.dll
0x00007ffbcdd90000 - 0x00007ffbce0b2000 	C:\WINDOWS\System32\combase.dll
0x00007ffbcd8e0000 - 0x00007ffbcd95a000 	C:\WINDOWS\System32\bcryptPrimitives.dll
0x00007ffbcdd60000 - 0x00007ffbcdd8d000 	C:\WINDOWS\System32\IMM32.DLL
0x0000000073fe0000 - 0x00000000740b2000 	D:\Android Studio\jre\jre\bin\msvcr100.dll
0x0000000073550000 - 0x0000000073d96000 	D:\Android Studio\jre\jre\bin\server\jvm.dll
0x00007ffbceaf0000 - 0x00007ffbceaf8000 	C:\WINDOWS\System32\PSAPI.DLL
0x00007ffbc8730000 - 0x00007ffbc873a000 	C:\WINDOWS\SYSTEM32\VERSION.dll
0x00007ffbadfc0000 - 0x00007ffbadfc9000 	C:\WINDOWS\SYSTEM32\WSOCK32.dll
0x00007ffbc7f00000 - 0x00007ffbc7f23000 	C:\WINDOWS\SYSTEM32\WINMM.dll
0x00007ffbd0500000 - 0x00007ffbd056c000 	C:\WINDOWS\System32\WS2_32.dll
0x00007ffbc7e00000 - 0x00007ffbc7e2a000 	C:\WINDOWS\SYSTEM32\winmmbase.dll
0x00007ffbcdb00000 - 0x00007ffbcdb49000 	C:\WINDOWS\System32\cfgmgr32.dll
0x00007ffbc1940000 - 0x00007ffbc194f000 	D:\Android Studio\jre\jre\bin\verify.dll
0x00007ffbb9e10000 - 0x00007ffbb9e39000 	D:\Android Studio\jre\jre\bin\java.dll
0x00007ffbb9860000 - 0x00007ffbb9876000 	D:\Android Studio\jre\jre\bin\zip.dll
0x00007ffbcedb0000 - 0x00007ffbd01f0000 	C:\WINDOWS\System32\SHELL32.dll
0x00007ffbd0450000 - 0x00007ffbd04f9000 	C:\WINDOWS\System32\shcore.dll
0x00007ffbccda0000 - 0x00007ffbcd4ad000 	C:\WINDOWS\System32\windows.storage.dll
0x00007ffbced50000 - 0x00007ffbceda1000 	C:\WINDOWS\System32\shlwapi.dll
0x00007ffbcca90000 - 0x00007ffbccaa1000 	C:\WINDOWS\System32\kernel.appcore.dll
0x00007ffbcca70000 - 0x00007ffbcca8f000 	C:\WINDOWS\System32\profapi.dll
0x00007ffbcca20000 - 0x00007ffbcca6c000 	C:\WINDOWS\System32\powrprof.dll
0x00007ffbcca10000 - 0x00007ffbcca1a000 	C:\WINDOWS\System32\FLTLIB.DLL
0x00007ffbb9720000 - 0x00007ffbb973a000 	D:\Android Studio\jre\jre\bin\net.dll
0x00007ffbcc270000 - 0x00007ffbcc2d6000 	C:\WINDOWS\system32\mswsock.dll
0x00007ffbb9700000 - 0x00007ffbb9711000 	D:\Android Studio\jre\jre\bin\nio.dll
0x00007ffba0990000 - 0x00007ffba09b6000 	C:\Users\Jamar\.gradle\native\29\windows-amd64\native-platform.dll
0x00007ffbba110000 - 0x00007ffbba11d000 	D:\Android Studio\jre\jre\bin\management.dll
0x00007ffbcc430000 - 0x00007ffbcc447000 	C:\WINDOWS\SYSTEM32\CRYPTSP.dll
0x00007ffbcbe60000 - 0x00007ffbcbe93000 	C:\WINDOWS\system32\rsaenh.dll
0x00007ffbcc550000 - 0x00007ffbcc575000 	C:\WINDOWS\SYSTEM32\bcrypt.dll
0x00007ffbcc920000 - 0x00007ffbcc948000 	C:\WINDOWS\SYSTEM32\USERENV.dll
0x00007ffbcc420000 - 0x00007ffbcc42b000 	C:\WINDOWS\SYSTEM32\CRYPTBASE.dll
0x00007ffbcc000000 - 0x00007ffbcc038000 	C:\WINDOWS\SYSTEM32\IPHLPAPI.DLL
0x00007ffbd0620000 - 0x00007ffbd0628000 	C:\WINDOWS\System32\NSI.dll
0x00007ffbc75d0000 - 0x00007ffbc75e6000 	C:\WINDOWS\SYSTEM32\dhcpcsvc6.DLL
0x00007ffbc75b0000 - 0x00007ffbc75ca000 	C:\WINDOWS\SYSTEM32\dhcpcsvc.DLL

VM Arguments:
jvm_args: -Xmx1536m -Dfile.encoding=windows-1252 -Duser.country=US -Duser.language=en -Duser.variant 
java_command: org.gradle.launcher.daemon.bootstrap.GradleDaemon 5.4.1
java_class_path (initial): C:\Users\Jamar\.gradle\wrapper\dists\gradle-5.4.1-all\3221gyojl5jsh0helicew7rwx\gradle-5.4.1\lib\gradle-launcher-5.4.1.jar
Launcher Type: SUN_STANDARD

Environment Variables:
JAVA_HOME=C:\Users\Jamar\Desktop\programming interview prep\my interviews\Genesys\jdk-12.0.1
PATH=C:\ProgramData\Oracle\Java\javapath;C:\Windows\system32;C:\Windows;C:\Windows\System32\Wbem;C:\Windows\System32\WindowsPowerShell\v1.0\;C:\Program Files (x86)\Common Files\lenovo\easyplussdk\bin;C:\Program Files (x86)\NVIDIA Corporation\PhysX\Common;C:\Program Files\Intel\WiFi\bin\;C:\Program Files\Common Files\Intel\WirelessCommon\;C:\Program Files (x86)\Skype\Phone\;C:\WINDOWS\system32;C:\WINDOWS;C:\WINDOWS\System32\Wbem;C:\WINDOWS\System32\WindowsPowerShell\v1.0\;C:\Program Files (x86)\GtkSharp\2.12\bin;C:\Program Files (x86)\QuickTime\QTSystem\;C:\WINDOWS\System32\OpenSSH\;C:\Program Files\NVIDIA Corporation\NVIDIA NvDLISR;D:\Programs\doxygen\bin;D:\Programs\bin\mingw32\bin;D:\Programs\bin\bin;C:\Users\Jamar\Desktop\apache-maven-3.5.4\bin;C:\Users\Jamar\Desktop\programming interview prep\my interviews\Genesys\jdk-12.0.1_windows-x64_bin.exe;D:\Programs\Git\usr\local\node_modules;D:\Programs\Git\usr\local;D:\Programs\Git\usr\local\;C:\ProgramData\chocolatey\bin;D:\Programs\bin\;D:\Programs\Git\usr\local\node.exe;D:\Programs\Microsoft VS Code\bin;D:\Programs\Git\bin;C:\Program Files\nodejs\bin;C:\Users\Jamar\AppData\Local\Microsoft\WindowsApps;C:\Users\Jamar\AppData\Roaming\npm;C:\Users\Jamar\AppData\Local\Yarn\bin;C:\Users\Jamar\AppData\Local\GitHubDesktop\bin;C:\Users\Jamar\AppData\Local\atom\bin;D:\Programs\Microsoft VS Code\bin;D:\Programs\Git\bin;
USERNAME=Jamar
OS=Windows_NT
PROCESSOR_IDENTIFIER=Intel64 Family 6 Model 94 Stepping 3, GenuineIntel



---------------  S Y S T E M  ---------------

OS: Windows 10.0 , 64 bit Build 17134 (10.0.17134.753)

CPU:total 8 (initial active 8) (4 cores per cpu, 2 threads per core) family 6 model 94 stepping 3, cmov, cx8, fxsr, mmx, sse, sse2, sse3, ssse3, sse4.1, sse4.2, popcnt, avx, avx2, aes, clmul, erms, rtm, 3dnowpref, lzcnt, ht, tsc, tscinvbit, bmi1, bmi2, adx

Memory: 4k page, physical 12406560k(2573872k free), swap 17613692k(5176k free)

vm_info: OpenJDK 64-Bit Server VM (25.202-b03) for windows-amd64 JRE (1.8.0_202-release-1483-b03), built by "builder" with MS VC++ 10.0 (VS2010)

time: Sat Sep 21 17:45:43 2019
timezone: Eastern Daylight Time
elapsed time: 12 seconds (0d 0h 0m 12s)

